<?xml version="1.0" encoding="UTF-8" ?>
<testsuite errors="0" failures="0" hostname="j-laptop-nova" name="dictools.DixtoolsTestSuite" tests="19" time="29.523" timestamp="2009-09-17T09:19:05">
  <properties>
[...]
</properties>
  <testcase classname="dictools.ReadAndWriteMonodixTest" name="testGetDic" time="0.01" />
  <testcase classname="dictools.ReadAndWriteMonodixTest" name="testprintXML_std" time="0.02" />
  <testcase classname="dictools.ReadAndWriteMonodixTest" name="testDicFormatE1Line" time="0.021" />
  <testcase classname="dictools.ReadAndWriteMonodixTest" name="testprintXML_std1line" time="0.014" />
  <testcase classname="dictools.ReadAndWriteBidixTest" name="testprintXML_std" time="0.021" />
  <testcase classname="dictools.ReadAndWriteBidixTest" name="testDicFormatE1Line" time="0.016" />
  <testcase classname="dictools.ReadAndWriteBidixTest" name="testprintXML_std1line" time="0.011" />
  <testcase classname="dictools.ReadAndWriteBidixTest" name="testDicFormatE1LineAligned" time="0.011" />
  <testcase classname="dictools.ReadAndWriteBidixTest" name="testprintXML_stdaligned1line" time="0.012" />
  <testcase classname="dictools.ReadAndWriteBidixTest" name="testprintXML_aligned20_80_also_pardefs" time="0.011" />
  <testcase classname="dictools.CrossDictTest" name="testBigCrossing" time="6.602" />
  <testcase classname="dictools.MergemorphEquivparTest" name="test_merge_morph__equiv_paradigms" time="18.429" />
  <testcase classname="dictools.DicReaderTest" name="test_dic_reader" time="0.045" />
  <testcase classname="dictools.Dix2tinyTest" name="test_dix2tiny" time="4.032" />
  <testcase classname="dictools.Dix2trieTest" name="test_dix2trie" time="0.024" />
  <testcase classname="dictools.ReversebilTest" name="test_reverse_bil" time="0.021" />
  <testcase classname="dictools.SortTest" name="test_sort" time="0.029" />
  <testcase classname="misc.eoen.SubstractBidixTest" name="testIsRestricted" time="0.014" />
  <testcase classname="misc.eoen.SubstractBidixTest" name="testRemoveRestriction" time="0.0010" />
  <system-out><![CDATA[[1] Loading bilingual AB (regression_test_data/crossdict/input/apertium-es-ca.es-ca.dix)
[2] Loading bilingual BC (regression_test_data/crossdict/input/apertium-en-ca.en-ca.dix)
[3] Loading monolingual A (regression_test_data/crossdict/input/apertium-es-ca.es.dix)
[4] Loading monolingual C (regression_test_data/crossdict/input/apertium-en-ca.en.metadix)
[5] Reading cross model (regression_test_data/crossdict/input/../../../../apertium-dixtools/schemas/cross-model.xml) ...
[6] Validating cross model (regression_test_data/crossdict/input/../../../../apertium-dixtools/schemas/cross-model.xml) ...  [OK]
[7] Processing patterns in cross model (regression_test_data/crossdict/input/../../../../apertium-dixtools/schemas/cross-model.xml) ...  (1 patterns processed).
[8] Crossing definitions...
[9] Crossing sections 'main' and 'main'
[10] Sorting crossed dictionary...
[11] Making consistent morphological dicionaries ...
[13] Generating crossed dictionaries ...
[14] Done!
Eliminating duplicate word references...
Building indices...
Sorting Esperanto index...
Sorting English index...
Sorting extra entries...
Generating metadata...
Generating data records for language Esperanto...
Generating data records for language English...
Generating data records for phrases...
Generating index records...
Finished.
]]></system-out>
  <system-err><![CDATA[Reading file test/sample.metadix
pe = <S__encimp><e><l>-en</l><r>en<prn><enc><adv></r></e><e><l>-la</l><r>le<prn><enc><p3><f><sg></r></e>
ee = <e><i>am</i><par n="ach/e[T]er__vblex" prm="n"/></e>
Writing file tmp_testprintXML_std.xml
Writing file tmp_testDicFormatE1Line.xml
Writing file tmp_testprintXML_std1line.xml
Reading file test/sample.eo-en.dix
Writing file tmp_testprintXML_std-eo-en.xml
Writing file tmp_testDicFormatE1Line-eo-en.xml
Writing file tmp_testprintXML_std1line-eo-en.xml
Writing file tmp_testDicFormatE1LineAligned-eo-en.xml
Writing file tmp_testprintXML_stdaligned1line-eo-en.xml
Writing file tmp_aligned20_80_also_pardefs.xml
Reading file regression_test_data/crossdict/input/apertium-es-ca.es-ca.dix
WARNING: file name es-ca.es-ca.dix does not match the pattern apertium-[a-z]+\-[a-z]+.[a-z]+\-[a-z]+.dix
WARNING: file name ca-es.ca-es.dix does not match the pattern apertium-[a-z]+\-[a-z]+.[a-z]+\-[a-z]+.dix
Reading file regression_test_data/crossdict/input/apertium-en-ca.en-ca.dix
WARNING: file name en-ca.en-ca.dix does not match the pattern apertium-[a-z]+\-[a-z]+.[a-z]+\-[a-z]+.dix
WARNING: file name ca-en.ca-en.dix does not match the pattern apertium-[a-z]+\-[a-z]+.[a-z]+\-[a-z]+.dix
Reading file regression_test_data/crossdict/input/apertium-es-ca.es.dix
Reading file regression_test_data/crossdict/input/apertium-en-ca.en.metadix
Writing file dix/not-common-es-ca.es-ca.dixapertium-ca-es.ca-es.dix
Writing file dix/not-common-en-ca.en-ca.dixapertium-ca-en.ca-en.dix
Writing file dix/not-common-apertium-es-ca.es.dix
Writing file dix/not-common-apertium-en-ca.en.metadix
Writing file dix/consistent-monA.dix
Writing file dix/consistent-monC.dix
Writing file dix/consistent-bilAB.dix
Writing file dix/consistent-bilBC.dix
Reading file regression_test_data/crossdict/input/../../../../apertium-dixtools/schemas/cross-model.xml
Writing file dix/apertium-es-en.es-en-crossed.dix
Writing file dix/apertium-es-en.es-crossed.dix
Writing file dix/apertium-es-en.en-crossed.dix
xxx arg2=[merge-morph, -monA1, test/sample.metadix, -monA2, test/sample2.metadix, -out, regression_test_data/merge-morph/actual_output.dix]
Monolingual A1:	'test/sample.metadix'
Monolingual A2:	 'test/sample2.metadix'
Merged:	'regression_test_data/merge-morph/actual_output.dix'
Reading file test/sample.metadix
Reading file test/sample2.metadix
Paradigm: S__encimpyy
Paradigm: yyach/e[T]er__vblex
Paradigm: yy2ach/e[T]er__vblex
Merging section 'main'...
  monolingual 1 (16 lemmas)
  monolingual 2 (4 lemmas)
  2 common lemmas
  8 lemmas in merged dictionary
Writing file regression_test_data/merge-morph/actual_output.dix
Reading file regression_test_data/merge-morph/actual_output.dix
yyach/e[T]er__vblex will be replaced with ach/e[T]er__vblex
yy2ach/e[T]er__vblex will be replaced with ach/e[T]er__vblex
'yyach/e[T]er__vblex' has been replaced 2 times.
Unused paradigm  S__encimpyy (could be deleted)
Writing file regression_test_data/equiv-paradigms/actual_output.dix
Reading file test/sample.metadix
Reading file test/sample.metadix
# 16 lemmas
Reading file test/sample.metadix
Reading file test/sample.eo-en.dix
# 42 entries.
Packing linguistic data for apertium-tinylex (J2ME)...
Filter: default
Reading file test/sample.eo-en.dix
Processing bilingual dictionary: test/sample.eo-en.dix
left to right: 41 lemmas.
right to left: 34 lemmas.
Building eo-en-data.zip for apertium-tinylex...
Done!
Converting linguistic data for Palm (.cc files)...
Filter: default
Processing bilingual dictionary: test/sample.eo-en.dix
Reading file test/sample.eo-en.dix
Building eo-en-data.cc for Palm...
Done
Creating PDB file...
Archive:  ../../../eo-en-data.zip
 extracting: meta.inf                
 extracting: sltl_1.dix              
 extracting: tlsl_1.dix              
Reading file test/sample.eo-en.dix
Reading file test/sample.eo-en.dix
Writing file regression_test_data/reverse-bil/actual_output.dix
Old option -mon is ignored
Reading file test/sample.metadix
(categories are kept order according to appearance in source file,  so you can reorder by
  putting entries in the top. Categories with only one element will be put in the end)
Writing file regression_test_data/sort/actual_output/mon.dix
Old option -mon is ignored
Reading file test/sample.eo-en.dix
section "main" categories: num_symbol,np_symbol,MF_GD,n_symbol,vblex_symbol,adv_symbol
(categories are kept order according to appearance in source file,  so you can reorder by
  putting entries in the top. Categories with only one element will be put in the end)
Writing file regression_test_data/sort/actual_output/bil.dix
]]></system-err>
</testsuite>
